C:\Program Files (x86)\MSBuild\Microsoft.Cpp\v4.0\V140\Microsoft.CppBuild.targets(367,5): warning MSB8004: Intermediate Directory does not end with a trailing slash.  This build instance will add the slash as it is required to allow proper evaluation of the Intermediate Directory.
  TUIInit.cpp
c:\users\micka\documents\fraunhofer_2016_2017\tuiframework\include\tuiplugins\tuitypes\common\vectorlist.h(191): warning C4018: '<': signed/unsigned mismatch
  c:\users\micka\documents\fraunhofer_2016_2017\tuiframework\include\tuiplugins\tuitypes\common\vectorlist.h(184): note: while compiling class template member function 'std::ostream &VectorList<int>::serialize(std::ostream &) const'
  c:\users\micka\documents\fraunhofer_2016_2017\tuiframework\include\tuiplugins\tuitypes\common\winmoddata.h(229): note: see reference to class template instantiation 'VectorList<int>' being compiled
  TUICsharp.cpp
c:\users\micka\documents\fraunhofer_2016_2017\tuiframework\extensions\unity\tui-client-c++lib\tuicsharp.cpp(131): warning C4018: '<': signed/unsigned mismatch
c:\users\micka\documents\fraunhofer_2016_2017\tuiframework\extensions\unity\tui-client-c++lib\tuicsharp.cpp(143): warning C4018: '<': signed/unsigned mismatch
c:\users\micka\documents\fraunhofer_2016_2017\tuiframework\extensions\unity\tui-client-c++lib\tuicsharp.cpp(155): warning C4018: '<': signed/unsigned mismatch
c:\users\micka\documents\fraunhofer_2016_2017\tuiframework\extensions\unity\tui-client-c++lib\tuicsharp.cpp(167): warning C4018: '<': signed/unsigned mismatch
c:\users\micka\documents\fraunhofer_2016_2017\tuiframework\include\tuiplugins\tuitypes\common\vectorlist.h(191): warning C4018: '<': signed/unsigned mismatch
  c:\users\micka\documents\fraunhofer_2016_2017\tuiframework\include\tuiplugins\tuitypes\common\vectorlist.h(184): note: while compiling class template member function 'std::ostream &VectorList<int>::serialize(std::ostream &) const'
  c:\users\micka\documents\fraunhofer_2016_2017\tuiframework\include\tuiplugins\tuitypes\common\winmoddata.h(229): note: see reference to class template instantiation 'VectorList<int>' being compiled
  TUIClientWrapper.cpp
c:\users\micka\documents\fraunhofer_2016_2017\tuiframework\include\tuiplugins\tuitypes\common\vectorlist.h(191): warning C4018: '<': signed/unsigned mismatch
  c:\users\micka\documents\fraunhofer_2016_2017\tuiframework\include\tuiplugins\tuitypes\common\vectorlist.h(184): note: while compiling class template member function 'std::ostream &VectorList<int>::serialize(std::ostream &) const'
  c:\users\micka\documents\fraunhofer_2016_2017\tuiframework\include\tuiplugins\tuitypes\common\winmoddata.h(229): note: see reference to class template instantiation 'VectorList<int>' being compiled
  Generating Code...
     Creating library ..\..\..\bin\Win32\14.0\x86\Debug\extensions\C++_CSharp API\TUIC++ API DLL.lib and object ..\..\..\bin\Win32\14.0\x86\Debug\extensions\C++_CSharp API\TUIC++ API DLL.exp
  TUI-Client-Wrapper.vcxproj -> C:\Users\micka\Documents\Fraunhofer_2016_2017\tuiframework\extensions\Unity\TUI-Client-c++Lib\..\..\..\bin\Win32\14.0\x86\Debug\extensions\C++_CSharp API\TUIC++ API DLL.dll
  TUI-Client-Wrapper.vcxproj -> ..\..\..\bin\Win32\14.0\x86\Debug\extensions\C++_CSharp API\TUIC++ API DLL.pdb (Partial PDB)
