C:\Program Files (x86)\MSBuild\Microsoft.Cpp\v4.0\V140\Microsoft.CppBuild.targets(368,5): warning MSB8004: Output Directory does not end with a trailing slash.  This build instance will add the slash as it is required to allow proper evaluation of the Output Directory.
     Creating library .\Release\TUIC++ API DLL.lib and object .\Release\TUIC++ API DLL.exp
TUIClientWrapper.obj : error LNK2001: unresolved external symbol "bool __cdecl tuiframework::disconnectFromTUIServer(int)" (?disconnectFromTUIServer@tuiframework@@YA_NH@Z)
TUIClientWrapper.obj : error LNK2001: unresolved external symbol "class std::basic_ostream<char,struct std::char_traits<char> > & __cdecl tuiframework::operator<<(class std::basic_ostream<char,struct std::char_traits<char> > &,class tuiframework::ISerializable const *)" (??6tuiframework@@YAAEAV?$basic_ostream@DU?$char_traits@D@std@@@std@@AEAV12@PEBVISerializable@0@@Z)
TUIClientWrapper.obj : error LNK2001: unresolved external symbol "class tuiframework::IEventFactory & __cdecl tuiframework::getEventFactory(int)" (?getEventFactory@tuiframework@@YAAEAVIEventFactory@1@H@Z)
TUIClientWrapper.obj : error LNK2001: unresolved external symbol "class tuiframework::IEventChannelFactory & __cdecl tuiframework::getEventChannelFactory(int)" (?getEventChannelFactory@tuiframework@@YAAEAVIEventChannelFactory@1@H@Z)
TUIClientWrapper.obj : error LNK2001: unresolved external symbol "bool __cdecl tuiframework::connectWithTUIServer(int,int,class std::basic_string<char,struct std::char_traits<char>,class std::allocator<char> > const &,class tuiframework::IEventSink *,bool,int)" (?connectWithTUIServer@tuiframework@@YA_NHHAEBV?$basic_string@DU?$char_traits@D@std@@V?$allocator@D@2@@std@@PEAVIEventSink@1@_NH@Z)
TUIClientWrapper.obj : error LNK2001: unresolved external symbol "void __cdecl tuiframework::initTypeRegistration(class tuiframework::IEventFactory &)" (?initTypeRegistration@tuiframework@@YAXAEAVIEventFactory@1@@Z)
TUIClientWrapper.obj : error LNK2001: unresolved external symbol "void __cdecl CommonTypeReg::registerTypes(class tuiframework::IEventFactory *,class tuiframework::IEventChannelFactory *)" (?registerTypes@CommonTypeReg@@YAXPEAVIEventFactory@tuiframework@@PEAVIEventChannelFactory@3@@Z)
TUIClientWrapper.obj : error LNK2001: unresolved external symbol __imp_getchar
TUIClientWrapper.obj : error LNK2001: unresolved external symbol __imp__invalid_parameter_noinfo_noreturn
TUICsharp.obj : error LNK2001: unresolved external symbol "class tuiframework::IEventChannel * __cdecl tuiframework::getSourceChannel(class std::basic_string<char,struct std::char_traits<char>,class std::allocator<char> > const &,class std::basic_string<char,struct std::char_traits<char>,class std::allocator<char> > const &,int)" (?getSourceChannel@tuiframework@@YAPEAVIEventChannel@1@AEBV?$basic_string@DU?$char_traits@D@std@@V?$allocator@D@2@@std@@0H@Z)
TUICsharp.obj : error LNK2001: unresolved external symbol "public: int __cdecl tuiframework::EPAddress::getPortNr(void)const " (?getPortNr@EPAddress@tuiframework@@QEBAHXZ)
TUICsharp.obj : error LNK2001: unresolved external symbol "public: class std::basic_string<char,struct std::char_traits<char>,class std::allocator<char> > __cdecl tuiframework::Exception::getFormattedString(void)const " (?getFormattedString@Exception@tuiframework@@QEBA?AV?$basic_string@DU?$char_traits@D@std@@V?$allocator@D@2@@std@@XZ)
TUICsharp.obj : error LNK2001: unresolved external symbol "public: virtual class std::basic_istream<char,struct std::char_traits<char> > & __cdecl tuiframework::Exception::deSerialize(class std::basic_istream<char,struct std::char_traits<char> > &)" (?deSerialize@Exception@tuiframework@@UEAAAEAV?$basic_istream@DU?$char_traits@D@std@@@std@@AEAV34@@Z)
TUICsharp.obj : error LNK2001: unresolved external symbol "public: virtual class std::basic_ostream<char,struct std::char_traits<char> > & __cdecl tuiframework::Exception::serialize(class std::basic_ostream<char,struct std::char_traits<char> > &)const " (?serialize@Exception@tuiframework@@UEBAAEAV?$basic_ostream@DU?$char_traits@D@std@@@std@@AEAV34@@Z)
TUICsharp.obj : error LNK2001: unresolved external symbol "public: void __cdecl tuiframework::Exception::addErrorMessage(class std::basic_string<char,struct std::char_traits<char>,class std::allocator<char> > const &,class std::basic_string<char,struct std::char_traits<char>,class std::allocator<char> > const &,int)" (?addErrorMessage@Exception@tuiframework@@QEAAXAEBV?$basic_string@DU?$char_traits@D@std@@V?$allocator@D@2@@std@@0H@Z)
TUICsharp.obj : error LNK2001: unresolved external symbol "public: virtual __cdecl tuiframework::Exception::~Exception(void)" (??1Exception@tuiframework@@UEAA@XZ)
TUICsharp.obj : error LNK2001: unresolved external symbol "public: __cdecl tuiframework::Exception::Exception(class std::basic_string<char,struct std::char_traits<char>,class std::allocator<char> > const &,class std::basic_string<char,struct std::char_traits<char>,class std::allocator<char> > const &,int)" (??0Exception@tuiframework@@QEAA@AEBV?$basic_string@DU?$char_traits@D@std@@V?$allocator@D@2@@std@@0H@Z)
TUICsharp.obj : error LNK2001: unresolved external symbol "protected: static class tuiframework::TUIEventHandler * tuiframework::Singleton<class tuiframework::TUIEventHandler>::instance" (?instance@?$Singleton@VTUIEventHandler@tuiframework@@@tuiframework@@1PEAVTUIEventHandler@2@EA)
TUICsharp.obj : error LNK2001: unresolved external symbol "public: __cdecl tuiframework::TUIEventHandler::TUIEventHandler(void)" (??0TUIEventHandler@tuiframework@@QEAA@XZ)
TUICsharp.obj : error LNK2001: unresolved external symbol "public: virtual class std::basic_istream<char,struct std::char_traits<char> > & __cdecl MouseData::deSerialize(class std::basic_istream<char,struct std::char_traits<char> > &)" (?deSerialize@MouseData@@UEAAAEAV?$basic_istream@DU?$char_traits@D@std@@@std@@AEAV23@@Z)
TUICsharp.obj : error LNK2001: unresolved external symbol "public: virtual class std::basic_ostream<char,struct std::char_traits<char> > & __cdecl MouseData::serialize(class std::basic_ostream<char,struct std::char_traits<char> > &)const " (?serialize@MouseData@@UEBAAEAV?$basic_ostream@DU?$char_traits@D@std@@@std@@AEAV23@@Z)
TUICsharp.obj : error LNK2001: unresolved external symbol "public: virtual __cdecl MouseData::~MouseData(void)" (??1MouseData@@UEAA@XZ)
TUIInit.obj : error LNK2001: unresolved external symbol "protected: static int tuiframework::Event<char>::eventTypeID" (?eventTypeID@?$Event@D@tuiframework@@1HA)
MSVCRT.lib(new_scalar.obj) : error LNK2001: unresolved external symbol _callnewh
MSVCRT.lib(new_scalar.obj) : error LNK2001: unresolved external symbol malloc
MSVCRT.lib(delete_scalar.obj) : error LNK2001: unresolved external symbol free
MSVCRT.lib(dll_dllmain.obj) : error LNK2001: unresolved external symbol _initterm
MSVCRT.lib(dll_dllmain.obj) : error LNK2001: unresolved external symbol _initterm_e
MSVCRT.lib(utility.obj) : error LNK2001: unresolved external symbol _seh_filter_dll
MSVCRT.lib(utility.obj) : error LNK2001: unresolved external symbol _configure_narrow_argv
MSVCRT.lib(utility.obj) : error LNK2001: unresolved external symbol _initialize_narrow_environment
MSVCRT.lib(utility.obj) : error LNK2001: unresolved external symbol _initialize_onexit_table
MSVCRT.lib(utility.obj) : error LNK2001: unresolved external symbol _register_onexit_function
MSVCRT.lib(utility.obj) : error LNK2001: unresolved external symbol _execute_onexit_table
MSVCRT.lib(utility.obj) : error LNK2001: unresolved external symbol _crt_atexit
MSVCRT.lib(utility.obj) : error LNK2001: unresolved external symbol _crt_at_quick_exit
MSVCRT.lib(utility.obj) : error LNK2001: unresolved external symbol _cexit
MSVCRT.lib(utility_desktop.obj) : error LNK2001: unresolved external symbol terminate
.\Release\TUIC++ API DLL.dll : fatal error LNK1120: 38 unresolved externals
